[INFO] 计算全局归一化参数 ...
[INFO] 全局 shift=[-28.7948066  -62.85194651 -22.98588679], scale=0.003965769379945015
[WARN] 未找到匹配鞋垫: prefix/side=('129', 'L') for 129_foot_L.stl
[WARN] 未找到匹配鞋垫: prefix/side=('129', 'R') for 129_foot_R.stl
[WARN] 未找到匹配鞋垫: prefix/side=('144', 'L') for 144_foot_L.stl
[WARN] 未找到匹配鞋垫: prefix/side=('144', 'R') for 144_foot_R.stl
[WARN] 未找到匹配鞋垫: prefix/side=('253', 'L') for 253_foot_L.stl
[WARN] 未找到匹配鞋垫: prefix/side=('305', 'R') for 305_foot_R.stl
[INFO] 共匹配到 688 个样本
[INFO] 处理 001_foot_L
[INFO] 鞋垫中心对齐: 偏移 127.471
[INFO] 处理 001_foot_R
[INFO] 鞋垫中心对齐: 偏移 126.905
[INFO] 处理 002_foot_L
[INFO] 鞋垫基础清理: 三角形 50128 -> 50126
[INFO] 鞋垫中心对齐: 偏移 154.449
[INFO] 处理 002_foot_R
[INFO] 鞋垫基础清理: 三角形 49870 -> 49868
[INFO] 鞋垫中心对齐: 偏移 153.775
[INFO] 处理 003_foot_L
[INFO] 鞋垫基础清理: 三角形 26572 -> 26510
[INFO] 鞋垫中心对齐: 偏移 132.813
[INFO] 处理 003_foot_R
[INFO] 鞋垫基础清理: 三角形 26436 -> 26374
[INFO] 鞋垫中心对齐: 偏移 130.823
[INFO] 处理 004_foot_L
[INFO] 足模连通域清理: 三角形 29968 -> 29222
[INFO] 鞋垫中心对齐: 偏移 118.239
[INFO] 处理 004_foot_R
[INFO] 鞋垫中心对齐: 偏移 118.230
[INFO] 处理 005_foot_L
[INFO] 鞋垫中心对齐: 偏移 147.054
[INFO] 处理 005_foot_R
[INFO] 鞋垫中心对齐: 偏移 143.708
[INFO] 处理 006_foot_L
[INFO] 足模连通域清理: 三角形 28059 -> 27953
[INFO] 鞋垫中心对齐: 偏移 136.300
[INFO] 处理 006_foot_R
[INFO] 足模连通域清理: 三角形 27639 -> 27533
[INFO] 鞋垫中心对齐: 偏移 136.311
[INFO] 处理 007_foot_L
[INFO] 鞋垫中心对齐: 偏移 156.787
[INFO] 处理 007_foot_R
[INFO] 鞋垫中心对齐: 偏移 157.824
[INFO] 处理 008_foot_L
[INFO] 鞋垫中心对齐: 偏移 154.810
[INFO] 处理 008_foot_R
[INFO] 鞋垫中心对齐: 偏移 158.946
[INFO] 处理 009_foot_L
[INFO] 足模连通域清理: 三角形 29151 -> 27780
[INFO] 鞋垫中心对齐: 偏移 109.918
[INFO] 处理 009_foot_R
[INFO] 鞋垫中心对齐: 偏移 107.891
[INFO] 处理 010_foot_L
[INFO] 鞋垫基础清理: 三角形 48628 -> 48626
[INFO] 鞋垫中心对齐: 偏移 165.622
[INFO] 处理 010_foot_R
[INFO] 鞋垫基础清理: 三角形 48856 -> 48854
[INFO] 鞋垫中心对齐: 偏移 165.833
[INFO] 处理 011_foot_L
[INFO] 鞋垫中心对齐: 偏移 102.710
[INFO] 处理 011_foot_R
[INFO] 足模连通域清理: 三角形 35155 -> 31778
[INFO] 鞋垫中心对齐: 偏移 113.356
[INFO] 处理 012_foot_L
[INFO] 鞋垫中心对齐: 偏移 179.322
[INFO] 处理 012_foot_R
[INFO] 鞋垫中心对齐: 偏移 183.524
[INFO] 处理 013_foot_L
[INFO] 鞋垫中心对齐: 偏移 168.162
[INFO] 处理 013_foot_R
[INFO] 鞋垫中心对齐: 偏移 168.324
[INFO] 处理 014_foot_L
[INFO] 鞋垫中心对齐: 偏移 131.087
[INFO] 处理 014_foot_R
[INFO] 鞋垫中心对齐: 偏移 130.236
[INFO] 处理 015_foot_L
[INFO] 鞋垫中心对齐: 偏移 161.847
[INFO] 处理 015_foot_R
[INFO] 鞋垫中心对齐: 偏移 160.590
[INFO] 处理 016_foot_L
[INFO] 鞋垫中心对齐: 偏移 118.408
[INFO] 处理 016_foot_R
[INFO] 鞋垫中心对齐: 偏移 120.032
[INFO] 处理 017_foot_L
[INFO] 鞋垫中心对齐: 偏移 139.735
[INFO] 处理 017_foot_R
[INFO] 鞋垫中心对齐: 偏移 140.803
[INFO] 处理 018_foot_L
[INFO] 鞋垫中心对齐: 偏移 141.251
[INFO] 处理 018_foot_R
[INFO] 鞋垫中心对齐: 偏移 141.769
[INFO] 处理 019_foot_L
[INFO] 鞋垫中心对齐: 偏移 163.074
[INFO] 处理 019_foot_R
[INFO] 鞋垫中心对齐: 偏移 162.360
[INFO] 处理 020_foot_L
[INFO] 鞋垫中心对齐: 偏移 197.759
[INFO] 处理 020_foot_R
[INFO] 鞋垫中心对齐: 偏移 199.017
[INFO] 处理 021_foot_L
[INFO] 鞋垫中心对齐: 偏移 126.539
[INFO] 处理 021_foot_R
[INFO] 鞋垫中心对齐: 偏移 130.802
[INFO] 处理 022_foot_L
[INFO] 鞋垫中心对齐: 偏移 122.682
[INFO] 处理 022_foot_R
[INFO] 鞋垫中心对齐: 偏移 117.170
[INFO] 处理 023_foot_L
[INFO] 鞋垫中心对齐: 偏移 155.766
[INFO] 处理 023_foot_R
[INFO] 鞋垫中心对齐: 偏移 147.588
[INFO] 处理 024_foot_L
[INFO] 鞋垫中心对齐: 偏移 148.847
[INFO] 处理 024_foot_R
[INFO] 鞋垫中心对齐: 偏移 150.652
[INFO] 处理 025_foot_L
[INFO] 鞋垫中心对齐: 偏移 175.146
[INFO] 处理 025_foot_R
[INFO] 鞋垫中心对齐: 偏移 178.876
[INFO] 处理 026_foot_L
[INFO] 鞋垫中心对齐: 偏移 174.177
[INFO] 处理 026_foot_R
[INFO] 鞋垫中心对齐: 偏移 172.392
[INFO] 处理 027_foot_L
[INFO] 鞋垫中心对齐: 偏移 138.676
[INFO] 处理 027_foot_R
[INFO] 鞋垫中心对齐: 偏移 140.664
[INFO] 处理 028_foot_L
[INFO] 鞋垫中心对齐: 偏移 142.074
[INFO] 处理 028_foot_R
[INFO] 鞋垫中心对齐: 偏移 142.207
[INFO] 处理 029_foot_L
[INFO] 鞋垫中心对齐: 偏移 128.397
[INFO] 处理 029_foot_R
[INFO] 鞋垫中心对齐: 偏移 130.733
[INFO] 处理 030_foot_L
[INFO] 鞋垫中心对齐: 偏移 131.089
[INFO] 处理 030_foot_R
[INFO] 鞋垫中心对齐: 偏移 137.042
[INFO] 处理 031_foot_L
[INFO] 鞋垫基础清理: 三角形 45604 -> 45590
[INFO] 鞋垫中心对齐: 偏移 172.489
[INFO] 处理 031_foot_R
[INFO] 鞋垫基础清理: 三角形 45548 -> 45534
[INFO] 鞋垫中心对齐: 偏移 168.691
[INFO] 处理 032_foot_L
[INFO] 足模连通域清理: 三角形 29039 -> 28915
[INFO] 鞋垫中心对齐: 偏移 123.523
[INFO] 处理 032_foot_R
[INFO] 足模连通域清理: 三角形 27143 -> 27055
[INFO] 鞋垫中心对齐: 偏移 125.337
[INFO] 处理 033_foot_L
[INFO] 鞋垫中心对齐: 偏移 149.879
[INFO] 处理 033_foot_R
[INFO] 鞋垫中心对齐: 偏移 150.804
[INFO] 处理 034_foot_L
[INFO] 鞋垫中心对齐: 偏移 125.294
[INFO] 处理 034_foot_R
[INFO] 鞋垫中心对齐: 偏移 127.218
[INFO] 处理 035_foot_L
[INFO] 鞋垫中心对齐: 偏移 177.192
[INFO] 处理 035_foot_R
[INFO] 鞋垫中心对齐: 偏移 176.054
[INFO] 处理 036_foot_L
[INFO] 鞋垫中心对齐: 偏移 173.080
[INFO] 处理 036_foot_R
[INFO] 鞋垫中心对齐: 偏移 173.394
[INFO] 处理 037_foot_L
[INFO] 鞋垫中心对齐: 偏移 141.153
[INFO] 处理 037_foot_R
[INFO] 鞋垫中心对齐: 偏移 134.919
[INFO] 处理 038_foot_L
[INFO] 鞋垫中心对齐: 偏移 170.371
[INFO] 处理 038_foot_R
[INFO] 鞋垫中心对齐: 偏移 173.258
[INFO] 处理 039_foot_L
[INFO] 鞋垫中心对齐: 偏移 201.656
[INFO] 处理 039_foot_R
[INFO] 鞋垫中心对齐: 偏移 203.953
[INFO] 处理 040_foot_L
[INFO] 鞋垫中心对齐: 偏移 150.784
[INFO] 处理 040_foot_R
[INFO] 鞋垫中心对齐: 偏移 150.205
[INFO] 处理 041_foot_L
[INFO] 鞋垫中心对齐: 偏移 183.907
[INFO] 处理 041_foot_R
[INFO] 鞋垫中心对齐: 偏移 183.276
[INFO] 处理 042_foot_L
[INFO] 鞋垫中心对齐: 偏移 99.566
[INFO] 处理 042_foot_R
[INFO] 鞋垫中心对齐: 偏移 101.177
[INFO] 处理 043_foot_L
[INFO] 鞋垫中心对齐: 偏移 156.159
[INFO] 处理 043_foot_R
[INFO] 鞋垫中心对齐: 偏移 164.847
[INFO] 处理 044_foot_L
[INFO] 鞋垫中心对齐: 偏移 172.033
[INFO] 处理 044_foot_R
[INFO] 足模连通域清理: 三角形 25997 -> 25869
[INFO] 鞋垫中心对齐: 偏移 173.246
[INFO] 处理 045_foot_L
[INFO] 鞋垫中心对齐: 偏移 163.809
[INFO] 处理 045_foot_R
[INFO] 鞋垫中心对齐: 偏移 166.310
[INFO] 处理 046_foot_L
[INFO] 鞋垫中心对齐: 偏移 167.014
[INFO] 处理 046_foot_R
[INFO] 鞋垫基础清理: 三角形 62248 -> 62220
[INFO] 鞋垫中心对齐: 偏移 168.115
[INFO] 处理 047_foot_L
[INFO] 鞋垫中心对齐: 偏移 178.196
[INFO] 处理 047_foot_R
[INFO] 鞋垫中心对齐: 偏移 179.330
[INFO] 处理 048_foot_L
[INFO] 鞋垫中心对齐: 偏移 152.675
[INFO] 处理 048_foot_R
[INFO] 足模连通域清理: 三角形 28829 -> 28571
[INFO] 鞋垫中心对齐: 偏移 158.078
[INFO] 处理 049_foot_L
[INFO] 鞋垫中心对齐: 偏移 180.905
[INFO] 处理 049_foot_R
[INFO] 鞋垫中心对齐: 偏移 180.815
[INFO] 处理 050_foot_L
[INFO] 鞋垫中心对齐: 偏移 166.219
[INFO] 处理 050_foot_R
[INFO] 鞋垫中心对齐: 偏移 169.264
[INFO] 处理 051_foot_L
[INFO] 鞋垫基础清理: 三角形 59872 -> 59868
[INFO] 鞋垫中心对齐: 偏移 173.371
[INFO] 处理 051_foot_R
[INFO] 鞋垫基础清理: 三角形 60676 -> 60672
[INFO] 鞋垫中心对齐: 偏移 177.662
[INFO] 处理 052_foot_L
[INFO] 鞋垫中心对齐: 偏移 127.798
[INFO] 处理 052_foot_R
[INFO] 足模连通域清理: 三角形 27326 -> 27222
[INFO] 鞋垫中心对齐: 偏移 129.606
[INFO] 处理 053_foot_L
[INFO] 鞋垫中心对齐: 偏移 149.843
[INFO] 处理 053_foot_R
[INFO] 鞋垫中心对齐: 偏移 151.196
[INFO] 处理 054_foot_L
[INFO] 鞋垫基础清理: 三角形 954204 -> 954200
[INFO] 鞋垫中心对齐: 偏移 112.793
[INFO] 处理 054_foot_R
[INFO] 鞋垫基础清理: 三角形 953658 -> 953654
[INFO] 鞋垫中心对齐: 偏移 115.621
[INFO] 处理 055_foot_L
[INFO] 足模连通域清理: 三角形 25547 -> 25546
[INFO] 鞋垫中心对齐: 偏移 135.513
[INFO] 处理 055_foot_R
[INFO] 鞋垫中心对齐: 偏移 135.161
[INFO] 处理 056_foot_L
[INFO] 鞋垫基础清理: 三角形 56102 -> 56100
[INFO] 鞋垫中心对齐: 偏移 177.286
[INFO] 处理 056_foot_R
[INFO] 鞋垫基础清理: 三角形 55554 -> 55552
[INFO] 鞋垫中心对齐: 偏移 175.242
[INFO] 处理 057_foot_L
[INFO] 鞋垫基础清理: 三角形 55132 -> 55130
[INFO] 鞋垫中心对齐: 偏移 153.851
[INFO] 处理 057_foot_R
[INFO] 鞋垫基础清理: 三角形 55106 -> 55104
[INFO] 鞋垫中心对齐: 偏移 155.144
[INFO] 处理 058_foot_L
[INFO] 鞋垫中心对齐: 偏移 136.762
[INFO] 处理 058_foot_R
[INFO] 鞋垫中心对齐: 偏移 138.774
[INFO] 处理 059_foot_L
[INFO] 鞋垫中心对齐: 偏移 172.254
[INFO] 处理 059_foot_R
[INFO] 鞋垫中心对齐: 偏移 172.311
[INFO] 处理 060_foot_L
[INFO] 鞋垫中心对齐: 偏移 154.872
[INFO] 处理 060_foot_R
[INFO] 鞋垫中心对齐: 偏移 154.175
[INFO] 处理 061_foot_L
[INFO] 鞋垫中心对齐: 偏移 164.761
[INFO] 处理 061_foot_R
[INFO] 鞋垫中心对齐: 偏移 166.753
[INFO] 处理 062_foot_L
[INFO] 鞋垫中心对齐: 偏移 126.537
[INFO] 处理 062_foot_R
[INFO] 足模连通域清理: 三角形 27279 -> 26741
[INFO] 鞋垫中心对齐: 偏移 128.016
[INFO] 处理 063_foot_L
[INFO] 鞋垫中心对齐: 偏移 126.224
[INFO] 处理 063_foot_R
[INFO] 鞋垫中心对齐: 偏移 125.189
[INFO] 处理 064_foot_L
[INFO] 鞋垫中心对齐: 偏移 125.967
[INFO] 处理 064_foot_R
[INFO] 鞋垫中心对齐: 偏移 124.255
[INFO] 处理 065_foot_L
[INFO] 鞋垫中心对齐: 偏移 144.428
[INFO] 处理 065_foot_R
[INFO] 鞋垫中心对齐: 偏移 147.346
[INFO] 处理 066_foot_L
[INFO] 鞋垫中心对齐: 偏移 113.453
[INFO] 处理 066_foot_R
[INFO] 鞋垫中心对齐: 偏移 113.404
[INFO] 处理 067_foot_L
[INFO] 鞋垫中心对齐: 偏移 180.516
[INFO] 处理 067_foot_R
[INFO] 鞋垫中心对齐: 偏移 176.398
[INFO] 处理 068_foot_L
[INFO] 鞋垫中心对齐: 偏移 162.790
[INFO] 处理 068_foot_R
[INFO] 鞋垫中心对齐: 偏移 160.402
[INFO] 处理 069_foot_L
[INFO] 鞋垫中心对齐: 偏移 110.789
[INFO] 处理 069_foot_R
[INFO] 鞋垫中心对齐: 偏移 110.240
[INFO] 处理 070_foot_L
[INFO] 鞋垫中心对齐: 偏移 170.750
[INFO] 处理 070_foot_R
[INFO] 鞋垫中心对齐: 偏移 171.740
[INFO] 处理 071_foot_L
[INFO] 鞋垫中心对齐: 偏移 139.520
[INFO] 处理 071_foot_R
[INFO] 鞋垫中心对齐: 偏移 131.386
[INFO] 处理 072_foot_L
[INFO] 鞋垫中心对齐: 偏移 122.970
[INFO] 处理 072_foot_R
[INFO] 鞋垫中心对齐: 偏移 123.402
[INFO] 处理 073_foot_L
[INFO] 鞋垫中心对齐: 偏移 147.321
[INFO] 处理 073_foot_R
[INFO] 鞋垫中心对齐: 偏移 146.792
[INFO] 处理 074_foot_L
[INFO] 鞋垫中心对齐: 偏移 162.853
[INFO] 处理 074_foot_R
[INFO] 鞋垫中心对齐: 偏移 163.432
[INFO] 处理 075_foot_L
[INFO] 鞋垫中心对齐: 偏移 144.094
[INFO] 处理 075_foot_R
[INFO] 鞋垫中心对齐: 偏移 145.576
[INFO] 处理 076_foot_L
[INFO] 鞋垫中心对齐: 偏移 161.650
[INFO] 处理 076_foot_R
[INFO] 鞋垫中心对齐: 偏移 163.127
[INFO] 处理 077_foot_L
[INFO] 鞋垫中心对齐: 偏移 148.565
[INFO] 处理 077_foot_R
[INFO] 鞋垫中心对齐: 偏移 145.414
[INFO] 处理 078_foot_L
[INFO] 鞋垫中心对齐: 偏移 173.754
[INFO] 处理 078_foot_R
[INFO] 鞋垫中心对齐: 偏移 173.289
[INFO] 处理 079_foot_L
[INFO] 鞋垫中心对齐: 偏移 133.927
[INFO] 处理 079_foot_R
[INFO] 鞋垫中心对齐: 偏移 135.834
[INFO] 处理 080_foot_L
[INFO] 鞋垫基础清理: 三角形 54398 -> 54396
[INFO] 鞋垫中心对齐: 偏移 110.890
[INFO] 处理 080_foot_R
[INFO] 足模连通域清理: 三角形 27955 -> 26973
[INFO] 鞋垫基础清理: 三角形 54266 -> 54264
[INFO] 鞋垫中心对齐: 偏移 115.071
[INFO] 处理 081_foot_L
[INFO] 鞋垫中心对齐: 偏移 155.103
[INFO] 处理 081_foot_R
[INFO] 鞋垫中心对齐: 偏移 159.061
[INFO] 处理 082_foot_L
[INFO] 足模连通域清理: 三角形 24295 -> 23460
[INFO] 鞋垫中心对齐: 偏移 156.841
[INFO] 处理 082_foot_R
[INFO] 鞋垫中心对齐: 偏移 157.316
[INFO] 处理 083_foot_L
[INFO] 鞋垫中心对齐: 偏移 115.670
[INFO] 处理 083_foot_R
[INFO] 足模连通域清理: 三角形 25560 -> 24372
[INFO] 鞋垫中心对齐: 偏移 117.753
[INFO] 处理 084_foot_L
[INFO] 鞋垫中心对齐: 偏移 155.539
[INFO] 处理 084_foot_R
[INFO] 鞋垫中心对齐: 偏移 157.760
[INFO] 处理 085_foot_L
[INFO] 鞋垫中心对齐: 偏移 175.050
[INFO] 处理 085_foot_R
[INFO] 鞋垫基础清理: 三角形 58542 -> 58480
[INFO] 鞋垫中心对齐: 偏移 173.381
[INFO] 处理 086_foot_L
[INFO] 足模连通域清理: 三角形 31065 -> 30953
[INFO] 鞋垫中心对齐: 偏移 120.985
[INFO] 处理 086_foot_R
[INFO] 足模连通域清理: 三角形 31327 -> 31315
[INFO] 鞋垫中心对齐: 偏移 121.055
[INFO] 处理 087_foot_L
[INFO] 鞋垫中心对齐: 偏移 164.028
[INFO] 处理 087_foot_R
[INFO] 鞋垫中心对齐: 偏移 161.348
[INFO] 处理 088_foot_L
[INFO] 足模连通域清理: 三角形 30965 -> 29826
[INFO] 鞋垫中心对齐: 偏移 133.737
[INFO] 处理 088_foot_R
[INFO] 足模连通域清理: 三角形 28804 -> 28800
[INFO] 鞋垫中心对齐: 偏移 136.821
[INFO] 处理 089_foot_L
[INFO] 鞋垫中心对齐: 偏移 132.448
[INFO] 处理 089_foot_R
[INFO] 鞋垫基础清理: 三角形 372162 -> 372160
[INFO] 鞋垫中心对齐: 偏移 110.392
[INFO] 处理 090_foot_L
[INFO] 鞋垫基础清理: 三角形 57270 -> 57126
[INFO] 鞋垫中心对齐: 偏移 153.626
[INFO] 处理 090_foot_R
[INFO] 鞋垫基础清理: 三角形 57714 -> 57570
[INFO] 鞋垫中心对齐: 偏移 153.240
[INFO] 处理 091_foot_L
[INFO] 鞋垫中心对齐: 偏移 148.628
[INFO] 处理 091_foot_R
[INFO] 鞋垫中心对齐: 偏移 146.926
[INFO] 处理 092_foot_L
[INFO] 鞋垫中心对齐: 偏移 132.509
[INFO] 处理 092_foot_R
[INFO] 鞋垫中心对齐: 偏移 132.231
[INFO] 处理 093_foot_L
[INFO] 鞋垫中心对齐: 偏移 138.364
[INFO] 处理 093_foot_R
[INFO] 鞋垫中心对齐: 偏移 139.432
[INFO] 处理 094_foot_L
[INFO] 鞋垫中心对齐: 偏移 135.400
[INFO] 处理 094_foot_R
[INFO] 鞋垫中心对齐: 偏移 134.637
[INFO] 处理 095_foot_L
[INFO] 鞋垫中心对齐: 偏移 163.535
[INFO] 处理 095_foot_R
[INFO] 鞋垫中心对齐: 偏移 166.504
[INFO] 处理 096_foot_L
[INFO] 鞋垫中心对齐: 偏移 127.089
[INFO] 处理 096_foot_R
[INFO] 鞋垫中心对齐: 偏移 130.759
[INFO] 处理 097_foot_L
[INFO] 鞋垫中心对齐: 偏移 168.271
[INFO] 处理 097_foot_R
[INFO] 鞋垫中心对齐: 偏移 167.611
[INFO] 处理 098_foot_L
[INFO] 鞋垫中心对齐: 偏移 168.191
[INFO] 处理 098_foot_R
[INFO] 鞋垫中心对齐: 偏移 168.861
[INFO] 处理 099_foot_L
[INFO] 鞋垫中心对齐: 偏移 174.987
[INFO] 处理 099_foot_R
[INFO] 鞋垫中心对齐: 偏移 176.587
[INFO] 处理 100_foot_L
[INFO] 鞋垫中心对齐: 偏移 132.580
[INFO] 处理 100_foot_R
[INFO] 鞋垫中心对齐: 偏移 136.842
[INFO] 处理 101_foot_L
[INFO] 鞋垫中心对齐: 偏移 147.177
[INFO] 处理 101_foot_R
[INFO] 鞋垫中心对齐: 偏移 148.693
[INFO] 处理 102_foot_L
[INFO] 鞋垫中心对齐: 偏移 109.878
[INFO] 处理 102_foot_R
[INFO] 鞋垫中心对齐: 偏移 111.259
[INFO] 处理 103_foot_L
[INFO] 足模连通域清理: 三角形 26806 -> 26106
[INFO] 鞋垫中心对齐: 偏移 121.198
[INFO] 处理 103_foot_R
[INFO] 鞋垫中心对齐: 偏移 122.055
[INFO] 处理 104_foot_L
[INFO] 鞋垫中心对齐: 偏移 137.718
[INFO] 处理 104_foot_R
[INFO] 鞋垫中心对齐: 偏移 137.282
[INFO] 处理 105_foot_L
[INFO] 鞋垫中心对齐: 偏移 139.982
[INFO] 处理 105_foot_R
[INFO] 鞋垫中心对齐: 偏移 138.398
[INFO] 处理 106_foot_L
[INFO] 足模连通域清理: 三角形 27526 -> 27510
[INFO] 鞋垫中心对齐: 偏移 158.757
[INFO] 处理 106_foot_R
[INFO] 足模连通域清理: 三角形 26196 -> 26062
[INFO] 鞋垫中心对齐: 偏移 157.910
[INFO] 处理 107_foot_L
[INFO] 鞋垫基础清理: 三角形 49762 -> 49740
[INFO] 鞋垫中心对齐: 偏移 179.931
[INFO] 处理 107_foot_R
[INFO] 鞋垫基础清理: 三角形 49768 -> 49746
[INFO] 鞋垫中心对齐: 偏移 184.664
[INFO] 处理 108_foot_L
[INFO] 鞋垫中心对齐: 偏移 132.534
[INFO] 处理 108_foot_R
[INFO] 鞋垫中心对齐: 偏移 136.353
[INFO] 处理 109_foot_L
[INFO] 鞋垫中心对齐: 偏移 144.436
[INFO] 处理 109_foot_R
[INFO] 鞋垫中心对齐: 偏移 146.050
[INFO] 处理 110_foot_L
[INFO] 鞋垫中心对齐: 偏移 150.040
[INFO] 处理 110_foot_R
[INFO] 鞋垫中心对齐: 偏移 151.850
[INFO] 处理 111_foot_L
[INFO] 鞋垫中心对齐: 偏移 153.703
[INFO] 处理 111_foot_R
[INFO] 鞋垫中心对齐: 偏移 154.423
[INFO] 处理 112_foot_L
[INFO] 鞋垫中心对齐: 偏移 186.244
[INFO] 处理 112_foot_R
[INFO] 鞋垫中心对齐: 偏移 184.521
[INFO] 处理 113_foot_L
[INFO] 足模连通域清理: 三角形 26682 -> 26546
[INFO] 鞋垫基础清理: 三角形 51152 -> 51150
[INFO] 鞋垫中心对齐: 偏移 141.219
[INFO] 处理 113_foot_R
[INFO] 足模连通域清理: 三角形 27592 -> 27438
[INFO] 鞋垫基础清理: 三角形 51074 -> 51072
[INFO] 鞋垫中心对齐: 偏移 141.348
[INFO] 处理 114_foot_L
[INFO] 鞋垫中心对齐: 偏移 139.435
[INFO] 处理 114_foot_R
[INFO] 鞋垫中心对齐: 偏移 139.533
[INFO] 处理 115_foot_L
[INFO] 鞋垫中心对齐: 偏移 160.613
[INFO] 处理 115_foot_R
[INFO] 鞋垫中心对齐: 偏移 160.528
[INFO] 处理 116_foot_L
[INFO] 鞋垫中心对齐: 偏移 161.541
[INFO] 处理 116_foot_R
[INFO] 鞋垫中心对齐: 偏移 162.783
[INFO] 处理 117_foot_L
[INFO] 鞋垫中心对齐: 偏移 116.769
[INFO] 处理 117_foot_R
[INFO] 鞋垫中心对齐: 偏移 124.098
[INFO] 处理 118_foot_L
[INFO] 鞋垫中心对齐: 偏移 137.449
[INFO] 处理 118_foot_R
[INFO] 鞋垫中心对齐: 偏移 137.394
[INFO] 处理 119_foot_L
[INFO] 足模连通域清理: 三角形 26169 -> 25989
[INFO] 鞋垫中心对齐: 偏移 148.475
[INFO] 处理 119_foot_R
[INFO] 足模连通域清理: 三角形 26776 -> 26614
[INFO] 鞋垫中心对齐: 偏移 145.273
[INFO] 处理 120_foot_L
[INFO] 鞋垫中心对齐: 偏移 162.663
[INFO] 处理 120_foot_R
[INFO] 鞋垫中心对齐: 偏移 157.470
[INFO] 处理 121_foot_L
[INFO] 鞋垫中心对齐: 偏移 120.924
[INFO] 处理 121_foot_R
[INFO] 鞋垫中心对齐: 偏移 128.883
[INFO] 处理 122_foot_L
[INFO] 鞋垫中心对齐: 偏移 173.092
[INFO] 处理 122_foot_R
[INFO] 鞋垫中心对齐: 偏移 172.826
[INFO] 处理 123_foot_L
[INFO] 鞋垫中心对齐: 偏移 109.150
[INFO] 处理 123_foot_R
[INFO] 鞋垫中心对齐: 偏移 110.911
[INFO] 处理 124_foot_L
[INFO] 足模连通域清理: 三角形 24951 -> 24735
[INFO] 鞋垫中心对齐: 偏移 139.157
[INFO] 处理 124_foot_R
[INFO] 足模连通域清理: 三角形 24001 -> 23789
[INFO] 鞋垫中心对齐: 偏移 142.431
[INFO] 处理 125_foot_L
[INFO] 鞋垫中心对齐: 偏移 150.989
[INFO] 处理 125_foot_R
[INFO] 鞋垫中心对齐: 偏移 153.078
[INFO] 处理 126_foot_L
[INFO] 足模连通域清理: 三角形 34688 -> 34115
[INFO] 鞋垫中心对齐: 偏移 202.529
[INFO] 处理 126_foot_R
[INFO] 足模连通域清理: 三角形 36077 -> 35657
[INFO] 鞋垫中心对齐: 偏移 191.116
[INFO] 处理 127_foot_L
[INFO] 鞋垫中心对齐: 偏移 125.069
[INFO] 处理 127_foot_R
[INFO] 鞋垫中心对齐: 偏移 125.811
[INFO] 处理 128_foot_L
[INFO] 鞋垫中心对齐: 偏移 148.695
[INFO] 处理 128_foot_R
[INFO] 鞋垫中心对齐: 偏移 153.642
[INFO] 处理 129_foot_L
[INFO] 处理 129_foot_R
[INFO] 处理 130_foot_L
[INFO] 鞋垫中心对齐: 偏移 145.041
[INFO] 处理 130_foot_R
[INFO] 鞋垫中心对齐: 偏移 142.838
[INFO] 处理 131_foot_L
[INFO] 鞋垫中心对齐: 偏移 151.285
[INFO] 处理 131_foot_R
[INFO] 鞋垫中心对齐: 偏移 153.170
[INFO] 处理 132_foot_L
[INFO] 鞋垫中心对齐: 偏移 179.935
[INFO] 处理 133_foot_L
[INFO] 鞋垫中心对齐: 偏移 131.491
[INFO] 处理 133_foot_R
[INFO] 鞋垫中心对齐: 偏移 132.020
[INFO] 处理 134_foot_L
[INFO] 鞋垫中心对齐: 偏移 147.164
[INFO] 处理 134_foot_R
[INFO] 鞋垫中心对齐: 偏移 151.062
[INFO] 处理 135_foot_L
[INFO] 鞋垫基础清理: 三角形 50806 -> 50794
[INFO] 鞋垫中心对齐: 偏移 100.372
[INFO] 处理 136_foot_L
[INFO] 鞋垫中心对齐: 偏移 126.918
[INFO] 处理 136_foot_R
[INFO] 鞋垫中心对齐: 偏移 125.138
[INFO] 处理 137_foot_L
[INFO] 鞋垫中心对齐: 偏移 148.892
[INFO] 处理 137_foot_R
[INFO] 鞋垫中心对齐: 偏移 152.188
[INFO] 处理 138_foot_L
[INFO] 鞋垫中心对齐: 偏移 140.601
[INFO] 处理 138_foot_R
[INFO] 足模连通域清理: 三角形 28383 -> 28139
[INFO] 鞋垫中心对齐: 偏移 138.838
[INFO] 处理 139_foot_L
[INFO] 鞋垫中心对齐: 偏移 160.150
[INFO] 处理 139_foot_R
[INFO] 鞋垫中心对齐: 偏移 160.475
[INFO] 处理 140_foot_L
[INFO] 鞋垫中心对齐: 偏移 104.147
[INFO] 处理 140_foot_R
[INFO] 鞋垫中心对齐: 偏移 103.608
[INFO] 处理 141_foot_L
[INFO] 鞋垫中心对齐: 偏移 158.815
[INFO] 处理 141_foot_R
[INFO] 鞋垫中心对齐: 偏移 159.883
[INFO] 处理 142_foot_L
[INFO] 鞋垫中心对齐: 偏移 156.986
[INFO] 处理 142_foot_R
[INFO] 鞋垫中心对齐: 偏移 159.617
[INFO] 处理 143_foot_L
[INFO] 鞋垫中心对齐: 偏移 112.786
[INFO] 处理 143_foot_R
[INFO] 鞋垫中心对齐: 偏移 110.771
[INFO] 处理 144_foot_L
[INFO] 处理 144_foot_R
[INFO] 处理 145_foot_L
[INFO] 足模连通域清理: 三角形 28703 -> 28573
[INFO] 鞋垫中心对齐: 偏移 142.643
[INFO] 处理 145_foot_R
[INFO] 足模连通域清理: 三角形 30384 -> 30234
[INFO] 鞋垫中心对齐: 偏移 144.905
[INFO] 处理 146_foot_L
[INFO] 鞋垫中心对齐: 偏移 111.621
[INFO] 处理 146_foot_R
[INFO] 鞋垫中心对齐: 偏移 112.039
[INFO] 处理 147_foot_L
[INFO] 鞋垫中心对齐: 偏移 169.142
[INFO] 处理 147_foot_R
[INFO] 鞋垫中心对齐: 偏移 176.679
[INFO] 处理 148_foot_L
[INFO] 鞋垫基础清理: 三角形 48406 -> 48380
[INFO] 鞋垫中心对齐: 偏移 161.340
[INFO] 处理 148_foot_R
[INFO] 鞋垫基础清理: 三角形 48498 -> 48472
[INFO] 鞋垫中心对齐: 偏移 160.371
[INFO] 处理 149_foot_L
[INFO] 鞋垫基础清理: 三角形 61114 -> 61110
[INFO] 鞋垫中心对齐: 偏移 159.007
[INFO] 处理 149_foot_R
[INFO] 鞋垫基础清理: 三角形 61388 -> 61384
[INFO] 鞋垫中心对齐: 偏移 162.009
[INFO] 处理 150_foot_L
[INFO] 鞋垫中心对齐: 偏移 147.538
[INFO] 处理 150_foot_R
[INFO] 鞋垫中心对齐: 偏移 149.620
[INFO] 处理 151_foot_L
[INFO] 鞋垫中心对齐: 偏移 151.493
[INFO] 处理 151_foot_R
[INFO] 鞋垫中心对齐: 偏移 156.395
[INFO] 处理 152_foot_L
[INFO] 鞋垫中心对齐: 偏移 161.537
[INFO] 处理 152_foot_R
[INFO] 鞋垫中心对齐: 偏移 165.853
[INFO] 处理 153_foot_L
[INFO] 鞋垫中心对齐: 偏移 199.939
[INFO] 处理 153_foot_R
[INFO] 鞋垫基础清理: 三角形 582480 -> 582388
[INFO] 鞋垫中心对齐: 偏移 197.281
[INFO] 处理 154_foot_L
[INFO] 鞋垫中心对齐: 偏移 154.549
[INFO] 处理 154_foot_R
[INFO] 鞋垫中心对齐: 偏移 156.708
[INFO] 处理 155_foot_L
[INFO] 鞋垫中心对齐: 偏移 171.370
[INFO] 处理 155_foot_R
[INFO] 鞋垫中心对齐: 偏移 169.831
[INFO] 处理 156_foot_L
[INFO] 鞋垫中心对齐: 偏移 120.461
[INFO] 处理 156_foot_R
[INFO] 鞋垫中心对齐: 偏移 121.038
[INFO] 处理 157_foot_L
[INFO] 鞋垫中心对齐: 偏移 176.037
[INFO] 处理 157_foot_R
[INFO] 鞋垫中心对齐: 偏移 174.847
[INFO] 处理 158_foot_L
[INFO] 鞋垫中心对齐: 偏移 132.548
[INFO] 处理 158_foot_R
[INFO] 鞋垫中心对齐: 偏移 132.792
[INFO] 处理 159_foot_L
[INFO] 足模连通域清理: 三角形 28267 -> 27728
[INFO] 鞋垫中心对齐: 偏移 124.709
[INFO] 处理 159_foot_R
[INFO] 鞋垫中心对齐: 偏移 122.136
[INFO] 处理 160_foot_L
[INFO] 足模连通域清理: 三角形 25817 -> 25689
[INFO] 鞋垫中心对齐: 偏移 132.492
[INFO] 处理 160_foot_R
[INFO] 足模连通域清理: 三角形 25794 -> 25780
[INFO] 鞋垫中心对齐: 偏移 131.231
[INFO] 处理 161_foot_L
[INFO] 鞋垫中心对齐: 偏移 155.944
[INFO] 处理 161_foot_R
[INFO] 鞋垫中心对齐: 偏移 157.000
[INFO] 处理 162_foot_L
[INFO] 足模连通域清理: 三角形 23653 -> 23415
[INFO] 鞋垫中心对齐: 偏移 182.624
[INFO] 处理 162_foot_R
[INFO] 鞋垫中心对齐: 偏移 186.038
[INFO] 处理 163_foot_L
[INFO] 鞋垫中心对齐: 偏移 190.458
[INFO] 处理 163_foot_R
[INFO] 鞋垫中心对齐: 偏移 192.441
[INFO] 处理 164_foot_L
[INFO] 鞋垫基础清理: 三角形 62660 -> 62606
[INFO] 鞋垫中心对齐: 偏移 185.558
[INFO] 处理 164_foot_R
[INFO] 鞋垫基础清理: 三角形 27106 -> 27052
[INFO] 鞋垫中心对齐: 偏移 176.317
[INFO] 处理 165_foot_L
[INFO] 鞋垫中心对齐: 偏移 174.895
[INFO] 处理 165_foot_R
[INFO] 足模连通域清理: 三角形 23776 -> 23774
[INFO] 鞋垫中心对齐: 偏移 173.654
[INFO] 处理 166_foot_L
[INFO] 鞋垫中心对齐: 偏移 190.443
[INFO] 处理 166_foot_R
[INFO] 鞋垫中心对齐: 偏移 189.386
[INFO] 处理 167_foot_L
[INFO] 鞋垫基础清理: 三角形 639482 -> 639480
[INFO] 鞋垫中心对齐: 偏移 148.065
[INFO] 处理 167_foot_R
[INFO] 鞋垫基础清理: 三角形 639578 -> 639576
[INFO] 鞋垫中心对齐: 偏移 145.823
[INFO] 处理 168_foot_L
[INFO] 鞋垫中心对齐: 偏移 185.412
[INFO] 处理 168_foot_R
[INFO] 鞋垫中心对齐: 偏移 187.038
[INFO] 处理 169_foot_L
[INFO] 鞋垫中心对齐: 偏移 142.522
[INFO] 处理 169_foot_R
[INFO] 鞋垫中心对齐: 偏移 140.654
[INFO] 处理 170_foot_L
[INFO] 鞋垫中心对齐: 偏移 108.467
[INFO] 处理 170_foot_R
[INFO] 足模连通域清理: 三角形 30065 -> 27789
[INFO] 鞋垫中心对齐: 偏移 105.901
[INFO] 处理 171_foot_L
[INFO] 鞋垫中心对齐: 偏移 164.511
[INFO] 处理 171_foot_R
[INFO] 鞋垫中心对齐: 偏移 165.589
[INFO] 处理 172_foot_L
[INFO] 鞋垫基础清理: 三角形 45226 -> 44936
[INFO] 鞋垫中心对齐: 偏移 136.641
[INFO] 处理 172_foot_R
[INFO] 鞋垫基础清理: 三角形 45058 -> 44768
[INFO] 鞋垫中心对齐: 偏移 139.409
[INFO] 处理 173_foot_L
[INFO] 鞋垫中心对齐: 偏移 124.467
[INFO] 处理 173_foot_R
[INFO] 鞋垫中心对齐: 偏移 127.928
[INFO] 处理 174_foot_L
[INFO] 鞋垫中心对齐: 偏移 123.407
[INFO] 处理 174_foot_R
[INFO] 鞋垫中心对齐: 偏移 124.672
[INFO] 处理 175_foot_L
[INFO] 鞋垫中心对齐: 偏移 156.111
[INFO] 处理 175_foot_R
[INFO] 鞋垫中心对齐: 偏移 160.820
[INFO] 处理 176_foot_L
[INFO] 鞋垫中心对齐: 偏移 175.885
[INFO] 处理 176_foot_R
[INFO] 鞋垫中心对齐: 偏移 174.233
[INFO] 处理 177_foot_L
[INFO] 鞋垫中心对齐: 偏移 184.353
[INFO] 处理 177_foot_R
[INFO] 鞋垫中心对齐: 偏移 184.722
[INFO] 处理 178_foot_L
[INFO] 鞋垫中心对齐: 偏移 160.319
[INFO] 处理 178_foot_R
[INFO] 鞋垫中心对齐: 偏移 163.442
[INFO] 处理 179_foot_L
[INFO] 鞋垫中心对齐: 偏移 150.072
[INFO] 处理 179_foot_R
[INFO] 鞋垫中心对齐: 偏移 154.132
[INFO] 处理 180_foot_L
[INFO] 鞋垫中心对齐: 偏移 170.785
[INFO] 处理 180_foot_R
[INFO] 鞋垫中心对齐: 偏移 168.868
[INFO] 处理 181_foot_L
[INFO] 鞋垫中心对齐: 偏移 149.397
[INFO] 处理 181_foot_R
[INFO] 足模连通域清理: 三角形 26593 -> 26497
[INFO] 鞋垫中心对齐: 偏移 146.634
[INFO] 处理 182_foot_L
[INFO] 鞋垫中心对齐: 偏移 163.251
[INFO] 处理 182_foot_R
[INFO] 鞋垫中心对齐: 偏移 162.637
[INFO] 处理 183_foot_L
[INFO] 鞋垫中心对齐: 偏移 158.812
[INFO] 处理 183_foot_R
[INFO] 鞋垫中心对齐: 偏移 160.629
[INFO] 处理 184_foot_L
[INFO] 鞋垫中心对齐: 偏移 175.400
[INFO] 处理 184_foot_R
[INFO] 鞋垫中心对齐: 偏移 177.789
[INFO] 处理 185_foot_L
[INFO] 足模连通域清理: 三角形 24544 -> 24542
[INFO] 鞋垫中心对齐: 偏移 150.131
[INFO] 处理 185_foot_R
[INFO] 鞋垫中心对齐: 偏移 153.880
[INFO] 处理 186_foot_L
[INFO] 鞋垫中心对齐: 偏移 173.216
[INFO] 处理 186_foot_R
[INFO] 鞋垫中心对齐: 偏移 173.152
[INFO] 处理 187_foot_L
[INFO] 鞋垫中心对齐: 偏移 166.348
[INFO] 处理 187_foot_R
[INFO] 鞋垫中心对齐: 偏移 166.813
[INFO] 处理 188_foot_L
[INFO] 鞋垫中心对齐: 偏移 167.840
[INFO] 处理 188_foot_R
[INFO] 鞋垫中心对齐: 偏移 166.259
[INFO] 处理 189_foot_L
[INFO] 足模连通域清理: 三角形 5545 -> 5410
[INFO] 鞋垫中心对齐: 偏移 121.621
[INFO] 处理 189_foot_R
[INFO] 鞋垫中心对齐: 偏移 122.353
[INFO] 处理 190_foot_L
[INFO] 鞋垫中心对齐: 偏移 134.556
[INFO] 处理 190_foot_R
[INFO] 鞋垫中心对齐: 偏移 130.905
[INFO] 处理 191_foot_L
[INFO] 鞋垫中心对齐: 偏移 163.552
[INFO] 处理 191_foot_R
[INFO] 鞋垫中心对齐: 偏移 169.269
[INFO] 处理 192_foot_L
[INFO] 鞋垫中心对齐: 偏移 142.566
[INFO] 处理 192_foot_R
[INFO] 鞋垫中心对齐: 偏移 141.636
[INFO] 处理 193_foot_L
[INFO] 鞋垫中心对齐: 偏移 156.859
[INFO] 处理 193_foot_R
[INFO] 鞋垫中心对齐: 偏移 156.413
[INFO] 处理 194_foot_L
[INFO] 鞋垫中心对齐: 偏移 157.987
[INFO] 处理 194_foot_R
[INFO] 足模连通域清理: 三角形 24249 -> 24245
[INFO] 鞋垫中心对齐: 偏移 158.859
[INFO] 处理 195_foot_L
[INFO] 鞋垫中心对齐: 偏移 136.681
[INFO] 处理 195_foot_R
[INFO] 鞋垫中心对齐: 偏移 139.670
[INFO] 处理 196_foot_L
[INFO] 鞋垫中心对齐: 偏移 161.207
[INFO] 处理 196_foot_R
[INFO] 鞋垫中心对齐: 偏移 160.207
[INFO] 处理 197_foot_L
[INFO] 鞋垫中心对齐: 偏移 104.581
[INFO] 处理 197_foot_R
[INFO] 鞋垫中心对齐: 偏移 106.160
[INFO] 处理 198_foot_L
[INFO] 足模连通域清理: 三角形 28085 -> 27474
[INFO] 鞋垫中心对齐: 偏移 131.388
[INFO] 处理 198_foot_R
[INFO] 鞋垫中心对齐: 偏移 131.640
[INFO] 处理 199_foot_L
[INFO] 鞋垫中心对齐: 偏移 101.689
[INFO] 处理 199_foot_R
[INFO] 鞋垫中心对齐: 偏移 101.978
[INFO] 处理 200_foot_L
[INFO] 鞋垫中心对齐: 偏移 158.523
[INFO] 处理 200_foot_R
[INFO] 鞋垫中心对齐: 偏移 156.808
[INFO] 处理 201_foot_L
[INFO] 鞋垫中心对齐: 偏移 170.710
[INFO] 处理 201_foot_R
[INFO] 鞋垫中心对齐: 偏移 172.672
[INFO] 处理 202_foot_L
[INFO] 鞋垫中心对齐: 偏移 167.459
[INFO] 处理 202_foot_R
[INFO] 鞋垫中心对齐: 偏移 169.237
[INFO] 处理 203_foot_L
[INFO] 鞋垫中心对齐: 偏移 174.475
[INFO] 处理 203_foot_R
[INFO] 鞋垫中心对齐: 偏移 173.234
[INFO] 处理 204_foot_L
[INFO] 鞋垫中心对齐: 偏移 159.571
[INFO] 处理 204_foot_R
[INFO] 鞋垫中心对齐: 偏移 159.141
[INFO] 处理 205_foot_L
[INFO] 鞋垫中心对齐: 偏移 130.202
[INFO] 处理 205_foot_R
[INFO] 鞋垫中心对齐: 偏移 134.687
[INFO] 处理 206_foot_L
[INFO] 足模连通域清理: 三角形 28723 -> 26860
[INFO] 鞋垫中心对齐: 偏移 104.875
[INFO] 处理 206_foot_R
[INFO] 鞋垫中心对齐: 偏移 103.451
[INFO] 处理 207_foot_L
[INFO] 鞋垫基础清理: 三角形 49154 -> 49149
[INFO] 鞋垫中心对齐: 偏移 131.095
[INFO] 处理 207_foot_R
[INFO] 鞋垫基础清理: 三角形 49626 -> 49621
[INFO] 鞋垫中心对齐: 偏移 133.914
[INFO] 处理 208_foot_L
[INFO] 鞋垫中心对齐: 偏移 145.767
[INFO] 处理 208_foot_R
[INFO] 鞋垫中心对齐: 偏移 147.405
[INFO] 处理 209_foot_L
[INFO] 鞋垫中心对齐: 偏移 166.646
[INFO] 处理 209_foot_R
[INFO] 鞋垫中心对齐: 偏移 169.982
[INFO] 处理 210_foot_L
[INFO] 鞋垫中心对齐: 偏移 185.211
[INFO] 处理 210_foot_R
[INFO] 鞋垫中心对齐: 偏移 189.466
[INFO] 处理 211_foot_L
[INFO] 鞋垫中心对齐: 偏移 147.176
[INFO] 处理 211_foot_R
[INFO] 鞋垫中心对齐: 偏移 142.549
[INFO] 处理 212_foot_L
[INFO] 鞋垫中心对齐: 偏移 133.219
[INFO] 处理 212_foot_R
[INFO] 鞋垫中心对齐: 偏移 130.264
[INFO] 处理 213_foot_L
[INFO] 鞋垫中心对齐: 偏移 113.557
[INFO] 处理 213_foot_R
[INFO] 鞋垫中心对齐: 偏移 116.944
[INFO] 处理 214_foot_L
[INFO] 鞋垫基础清理: 三角形 295929 -> 295926
[INFO] 鞋垫中心对齐: 偏移 131.693
[INFO] 处理 214_foot_R
[INFO] 鞋垫基础清理: 三角形 295893 -> 295890
[INFO] 鞋垫中心对齐: 偏移 133.017
[INFO] 处理 215_foot_L
[INFO] 鞋垫中心对齐: 偏移 121.466
[INFO] 处理 215_foot_R
[INFO] 鞋垫中心对齐: 偏移 123.806
[INFO] 处理 216_foot_L
[INFO] 鞋垫中心对齐: 偏移 120.904
[INFO] 处理 216_foot_R
[INFO] 足模连通域清理: 三角形 5711 -> 5556
[INFO] 鞋垫中心对齐: 偏移 123.934
[INFO] 处理 217_foot_L
[INFO] 足模连通域清理: 三角形 5650 -> 5482
[INFO] 鞋垫中心对齐: 偏移 104.101
[INFO] 处理 217_foot_R
[INFO] 鞋垫中心对齐: 偏移 107.883
[INFO] 处理 218_foot_L
[INFO] 鞋垫中心对齐: 偏移 168.145
[INFO] 处理 218_foot_R
[INFO] 鞋垫中心对齐: 偏移 171.651
[INFO] 处理 219_foot_L
[INFO] 鞋垫中心对齐: 偏移 182.744
[INFO] 处理 219_foot_R
[INFO] 鞋垫中心对齐: 偏移 178.819
[INFO] 处理 220_foot_L
[INFO] 足模连通域清理: 三角形 24413 -> 24261
[INFO] 鞋垫中心对齐: 偏移 173.652
[INFO] 处理 220_foot_R
[INFO] 鞋垫中心对齐: 偏移 174.061
[INFO] 处理 221_foot_L
[INFO] 鞋垫中心对齐: 偏移 72.884
[INFO] 处理 221_foot_R
[INFO] 鞋垫中心对齐: 偏移 77.264
[INFO] 处理 222_foot_L
[INFO] 鞋垫中心对齐: 偏移 140.217
[INFO] 处理 222_foot_R
[INFO] 鞋垫中心对齐: 偏移 145.102
[INFO] 处理 223_foot_L
[INFO] 鞋垫中心对齐: 偏移 178.240
[INFO] 处理 223_foot_R
[INFO] 鞋垫中心对齐: 偏移 178.756
[INFO] 处理 224_foot_L
[INFO] 鞋垫中心对齐: 偏移 175.031
[INFO] 处理 224_foot_R
[INFO] 鞋垫中心对齐: 偏移 175.120
[INFO] 处理 225_foot_L
[INFO] 鞋垫基础清理: 三角形 677418 -> 677368
[INFO] 鞋垫中心对齐: 偏移 85.663
[INFO] 处理 225_foot_R
[INFO] 足模连通域清理: 三角形 30171 -> 29453
[INFO] 鞋垫中心对齐: 偏移 84.798
[INFO] 处理 226_foot_L
[INFO] 足模连通域清理: 三角形 24713 -> 24543
[INFO] 鞋垫中心对齐: 偏移 181.540
[INFO] 处理 226_foot_R
[INFO] 足模连通域清理: 三角形 24511 -> 24349
[INFO] 鞋垫中心对齐: 偏移 183.968
[INFO] 处理 227_foot_L
[INFO] 鞋垫中心对齐: 偏移 175.541
[INFO] 处理 227_foot_R
[INFO] 鞋垫中心对齐: 偏移 172.285
[INFO] 处理 228_foot_L
[INFO] 鞋垫中心对齐: 偏移 157.930
[INFO] 处理 228_foot_R
[INFO] 足模连通域清理: 三角形 26678 -> 26556
[INFO] 鞋垫中心对齐: 偏移 161.763
[INFO] 处理 229_foot_L
[INFO] 鞋垫中心对齐: 偏移 156.127
[INFO] 处理 229_foot_R
[INFO] 鞋垫中心对齐: 偏移 153.138
[INFO] 处理 230_foot_L
[INFO] 足模连通域清理: 三角形 30262 -> 27746
[INFO] 鞋垫基础清理: 三角形 545840 -> 545838
[INFO] 鞋垫中心对齐: 偏移 91.314
[INFO] 处理 230_foot_R
[INFO] 足模连通域清理: 三角形 31363 -> 29635
[INFO] 鞋垫中心对齐: 偏移 108.265
[INFO] 处理 231_foot_L
[INFO] 足模连通域清理: 三角形 25741 -> 25607
[INFO] 鞋垫基础清理: 三角形 53126 -> 53124
[INFO] 鞋垫中心对齐: 偏移 160.443
[INFO] 处理 231_foot_R
[INFO] 足模连通域清理: 三角形 26306 -> 26208
[INFO] 鞋垫基础清理: 三角形 53532 -> 53530
[INFO] 鞋垫中心对齐: 偏移 160.084
[INFO] 处理 232_foot_L
[INFO] 鞋垫基础清理: 三角形 398188 -> 398186
[INFO] 鞋垫中心对齐: 偏移 116.507
[INFO] 处理 232_foot_R
[INFO] 鞋垫基础清理: 三角形 397978 -> 397976
[INFO] 鞋垫中心对齐: 偏移 113.176
[INFO] 处理 233_foot_L
[INFO] 鞋垫中心对齐: 偏移 133.973
[INFO] 处理 233_foot_R
[INFO] 鞋垫中心对齐: 偏移 134.133
[INFO] 处理 234_foot_L
[INFO] 鞋垫中心对齐: 偏移 162.674
[INFO] 处理 234_foot_R
[INFO] 鞋垫中心对齐: 偏移 162.599
[INFO] 处理 235_foot_L
[INFO] 鞋垫中心对齐: 偏移 123.344
[INFO] 处理 235_foot_R
[INFO] 鞋垫中心对齐: 偏移 126.212
[INFO] 处理 236_foot_L
[INFO] 鞋垫中心对齐: 偏移 185.604
[INFO] 处理 236_foot_R
[INFO] 鞋垫中心对齐: 偏移 192.016
[INFO] 处理 237_foot_L
[INFO] 鞋垫中心对齐: 偏移 134.260
[INFO] 处理 237_foot_R
[INFO] 鞋垫中心对齐: 偏移 133.074
[INFO] 处理 238_foot_L
[INFO] 鞋垫中心对齐: 偏移 161.281
[INFO] 处理 238_foot_R
[INFO] 鞋垫中心对齐: 偏移 160.777
[INFO] 处理 239_foot_L
[INFO] 鞋垫中心对齐: 偏移 138.174
[INFO] 处理 239_foot_R
[INFO] 鞋垫中心对齐: 偏移 137.426
[INFO] 处理 240_foot_L
[INFO] 鞋垫中心对齐: 偏移 193.462
[INFO] 处理 240_foot_R
[INFO] 鞋垫中心对齐: 偏移 189.255
[INFO] 处理 241_foot_L
[INFO] 足模连通域清理: 三角形 26057 -> 25825
[INFO] 鞋垫中心对齐: 偏移 176.773
[INFO] 处理 241_foot_R
[INFO] 足模连通域清理: 三角形 24389 -> 24381
[INFO] 鞋垫中心对齐: 偏移 170.591
[INFO] 处理 242_foot_L
[INFO] 鞋垫基础清理: 三角形 563690 -> 563688
[INFO] 鞋垫中心对齐: 偏移 136.061
[INFO] 处理 242_foot_R
[INFO] 鞋垫基础清理: 三角形 563664 -> 563662
[INFO] 鞋垫中心对齐: 偏移 130.887
[INFO] 处理 243_foot_L
[INFO] 鞋垫中心对齐: 偏移 176.920
[INFO] 处理 243_foot_R
[INFO] 鞋垫中心对齐: 偏移 184.573
[INFO] 处理 244_foot_L
[INFO] 鞋垫基础清理: 三角形 42872 -> 42852
[INFO] 鞋垫中心对齐: 偏移 139.089
[INFO] 处理 244_foot_R
[INFO] 鞋垫基础清理: 三角形 42778 -> 42758
[INFO] 鞋垫中心对齐: 偏移 139.532
[INFO] 处理 245_foot_L
[INFO] 鞋垫中心对齐: 偏移 134.027
[INFO] 处理 245_foot_R
[INFO] 鞋垫中心对齐: 偏移 132.475
[INFO] 处理 246_foot_L
[INFO] 足模连通域清理: 三角形 26235 -> 26069
[INFO] 鞋垫中心对齐: 偏移 162.107
[INFO] 处理 246_foot_R
[INFO] 足模连通域清理: 三角形 24759 -> 24627
[INFO] 鞋垫中心对齐: 偏移 165.491
[INFO] 处理 247_foot_L
[INFO] 鞋垫中心对齐: 偏移 164.123
[INFO] 处理 247_foot_R
[INFO] 鞋垫中心对齐: 偏移 166.059
[INFO] 处理 248_foot_L
[INFO] 鞋垫中心对齐: 偏移 156.275
[INFO] 处理 248_foot_R
[INFO] 鞋垫中心对齐: 偏移 155.377
[INFO] 处理 249_foot_L
[INFO] 鞋垫中心对齐: 偏移 158.272
[INFO] 处理 249_foot_R
[INFO] 鞋垫中心对齐: 偏移 154.188
[INFO] 处理 250_foot_L
[INFO] 鞋垫基础清理: 三角形 53408 -> 53406
[INFO] 鞋垫中心对齐: 偏移 143.480
[INFO] 处理 250_foot_R
[INFO] 足模连通域清理: 三角形 25041 -> 25039
[INFO] 鞋垫基础清理: 三角形 53164 -> 53162
[INFO] 鞋垫中心对齐: 偏移 146.100
[INFO] 处理 251_foot_L
[INFO] 鞋垫中心对齐: 偏移 152.937
[INFO] 处理 251_foot_R
[INFO] 鞋垫中心对齐: 偏移 156.069
[INFO] 处理 252_foot_L
[INFO] 鞋垫中心对齐: 偏移 160.669
[INFO] 处理 252_foot_R
[INFO] 鞋垫中心对齐: 偏移 161.876
[INFO] 处理 253_foot_L
[INFO] 足模连通域清理: 三角形 23315 -> 22701
[INFO] 处理 253_foot_R
[INFO] 足模连通域清理: 三角形 23567 -> 23069
[INFO] 鞋垫中心对齐: 偏移 184.937
[INFO] 处理 254_foot_L
[INFO] 鞋垫中心对齐: 偏移 160.206
[INFO] 处理 254_foot_R
[INFO] 鞋垫中心对齐: 偏移 162.356
[INFO] 处理 255_foot_L
[INFO] 鞋垫中心对齐: 偏移 121.420
[INFO] 处理 255_foot_R
[INFO] 鞋垫中心对齐: 偏移 122.030
[INFO] 处理 256_foot_L
[INFO] 鞋垫中心对齐: 偏移 161.823
[INFO] 处理 256_foot_R
[INFO] 鞋垫中心对齐: 偏移 162.795
[INFO] 处理 257_foot_L
[INFO] 足模连通域清理: 三角形 25597 -> 24925
[INFO] 鞋垫中心对齐: 偏移 181.262
[INFO] 处理 257_foot_R
[INFO] 鞋垫中心对齐: 偏移 181.092
[INFO] 处理 258_foot_L
[INFO] 鞋垫中心对齐: 偏移 147.296
[INFO] 处理 258_foot_R
[INFO] 鞋垫中心对齐: 偏移 148.913
[INFO] 处理 259_foot_L
[INFO] 鞋垫中心对齐: 偏移 186.666
[INFO] 处理 259_foot_R
[INFO] 鞋垫中心对齐: 偏移 185.011
[INFO] 处理 260_foot_L
[INFO] 鞋垫中心对齐: 偏移 134.272
[INFO] 处理 260_foot_R
[INFO] 鞋垫中心对齐: 偏移 134.389
[INFO] 处理 261_foot_L
[INFO] 鞋垫中心对齐: 偏移 176.829
[INFO] 处理 261_foot_R
[INFO] 鞋垫中心对齐: 偏移 177.425
[INFO] 处理 262_foot_L
[INFO] 鞋垫中心对齐: 偏移 157.440
[INFO] 处理 262_foot_R
[INFO] 鞋垫中心对齐: 偏移 156.751
[INFO] 处理 263_foot_L
[INFO] 鞋垫中心对齐: 偏移 175.065
[INFO] 处理 263_foot_R
[INFO] 鞋垫中心对齐: 偏移 179.855
[INFO] 处理 264_foot_L
[INFO] 鞋垫基础清理: 三角形 616578 -> 616576
[INFO] 鞋垫中心对齐: 偏移 147.307
[INFO] 处理 264_foot_R
[INFO] 鞋垫基础清理: 三角形 626946 -> 626944
[INFO] 鞋垫中心对齐: 偏移 149.433
[INFO] 处理 265_foot_L
[INFO] 鞋垫中心对齐: 偏移 129.743
[INFO] 处理 265_foot_R
[INFO] 鞋垫中心对齐: 偏移 131.461
[INFO] 处理 266_foot_L
[INFO] 鞋垫中心对齐: 偏移 109.053
[INFO] 处理 266_foot_R
[INFO] 鞋垫中心对齐: 偏移 106.869
[INFO] 处理 267_foot_L
[INFO] 鞋垫中心对齐: 偏移 123.285
[INFO] 处理 267_foot_R
[INFO] 鞋垫中心对齐: 偏移 125.091
[INFO] 处理 268_foot_L
[INFO] 鞋垫基础清理: 三角形 56264 -> 56262
[INFO] 鞋垫中心对齐: 偏移 157.253
[INFO] 处理 268_foot_R
[INFO] 鞋垫基础清理: 三角形 56434 -> 56432
[INFO] 鞋垫中心对齐: 偏移 157.577
[INFO] 处理 269_foot_L
[INFO] 足模连通域清理: 三角形 29536 -> 28791
[INFO] 鞋垫中心对齐: 偏移 122.213
[INFO] 处理 269_foot_R
[INFO] 足模连通域清理: 三角形 28950 -> 28293
[INFO] 鞋垫中心对齐: 偏移 120.051
[INFO] 处理 270_foot_L
[INFO] 鞋垫中心对齐: 偏移 151.641
[INFO] 处理 270_foot_R
[INFO] 鞋垫中心对齐: 偏移 151.985
[INFO] 处理 271_foot_L
[INFO] 鞋垫中心对齐: 偏移 149.476
[INFO] 处理 271_foot_R
[INFO] 鞋垫中心对齐: 偏移 152.559
[INFO] 处理 272_foot_L
[INFO] 鞋垫基础清理: 三角形 63938 -> 63936
[INFO] 鞋垫中心对齐: 偏移 177.359
[INFO] 处理 272_foot_R
[INFO] 足模连通域清理: 三角形 25463 -> 25355
[INFO] 鞋垫基础清理: 三角形 63796 -> 63794
[INFO] 鞋垫中心对齐: 偏移 173.833
[INFO] 处理 273_foot_L
[INFO] 鞋垫中心对齐: 偏移 127.653
[INFO] 处理 273_foot_R
[INFO] 鞋垫中心对齐: 偏移 128.137
[INFO] 处理 274_foot_L
[INFO] 鞋垫中心对齐: 偏移 171.343
[INFO] 处理 274_foot_R
[INFO] 鞋垫中心对齐: 偏移 175.700
[INFO] 处理 275_foot_L
[INFO] 鞋垫中心对齐: 偏移 130.445
[INFO] 处理 275_foot_R
[INFO] 鞋垫中心对齐: 偏移 127.235
[INFO] 处理 276_foot_L
[INFO] 鞋垫中心对齐: 偏移 159.194
[INFO] 处理 276_foot_R
[INFO] 鞋垫中心对齐: 偏移 156.000
[INFO] 处理 277_foot_L
[INFO] 足模连通域清理: 三角形 26759 -> 26201
[INFO] 鞋垫中心对齐: 偏移 115.172
[INFO] 处理 277_foot_R
[INFO] 鞋垫中心对齐: 偏移 110.825
[INFO] 处理 278_foot_L
[INFO] 鞋垫中心对齐: 偏移 160.090
[INFO] 处理 278_foot_R
[INFO] 鞋垫中心对齐: 偏移 159.723
[INFO] 处理 279_foot_L
[INFO] 足模连通域清理: 三角形 30729 -> 30407
[INFO] 鞋垫中心对齐: 偏移 131.118
[INFO] 处理 279_foot_R
[INFO] 足模连通域清理: 三角形 29659 -> 29559
[INFO] 鞋垫中心对齐: 偏移 128.522
[INFO] 处理 280_foot_L
[INFO] 鞋垫中心对齐: 偏移 167.168
[INFO] 处理 280_foot_R
[INFO] 鞋垫中心对齐: 偏移 168.564
[INFO] 处理 281_foot_L
[INFO] 足模连通域清理: 三角形 24317 -> 24313
[INFO] 鞋垫基础清理: 三角形 62022 -> 62020
[INFO] 鞋垫中心对齐: 偏移 192.014
[INFO] 处理 281_foot_R
[INFO] 足模连通域清理: 三角形 23798 -> 23780
[INFO] 鞋垫基础清理: 三角形 62212 -> 62210
[INFO] 鞋垫中心对齐: 偏移 193.427
[INFO] 处理 282_foot_L
[INFO] 足模连通域清理: 三角形 23105 -> 22544
[INFO] 鞋垫中心对齐: 偏移 150.030
[INFO] 处理 282_foot_R
[INFO] 鞋垫中心对齐: 偏移 147.100
[INFO] 处理 283_foot_L
[INFO] 鞋垫中心对齐: 偏移 151.074
[INFO] 处理 283_foot_R
[INFO] 鞋垫中心对齐: 偏移 152.142
[INFO] 处理 284_foot_L
[INFO] 鞋垫基础清理: 三角形 59564 -> 59379
[INFO] 鞋垫中心对齐: 偏移 159.557
[INFO] 处理 284_foot_R
[INFO] 鞋垫基础清理: 三角形 59492 -> 59309
[INFO] 鞋垫中心对齐: 偏移 160.747
[INFO] 处理 285_foot_L
[INFO] 鞋垫中心对齐: 偏移 148.196
[INFO] 处理 285_foot_R
[INFO] 鞋垫中心对齐: 偏移 148.001
[INFO] 处理 286_foot_L
[INFO] 鞋垫中心对齐: 偏移 141.926
[INFO] 处理 286_foot_R
[INFO] 鞋垫中心对齐: 偏移 147.382
[INFO] 处理 287_foot_L
[INFO] 鞋垫中心对齐: 偏移 121.584
[INFO] 处理 287_foot_R
[INFO] 鞋垫中心对齐: 偏移 120.500
[INFO] 处理 288_foot_L
[INFO] 鞋垫中心对齐: 偏移 164.558
[INFO] 处理 288_foot_R
[INFO] 鞋垫中心对齐: 偏移 166.083
[INFO] 处理 289_foot_L
[INFO] 足模连通域清理: 三角形 5431 -> 5429
[INFO] 鞋垫中心对齐: 偏移 126.754
[INFO] 处理 289_foot_R
[INFO] 鞋垫中心对齐: 偏移 131.932
[INFO] 处理 290_foot_L
[INFO] 鞋垫中心对齐: 偏移 174.514
[INFO] 处理 290_foot_R
[INFO] 鞋垫中心对齐: 偏移 175.215
[INFO] 处理 291_foot_L
[INFO] 鞋垫中心对齐: 偏移 118.773
[INFO] 处理 291_foot_R
[INFO] 鞋垫中心对齐: 偏移 123.963
[INFO] 处理 292_foot_L
[INFO] 鞋垫中心对齐: 偏移 165.336
[INFO] 处理 292_foot_R
[INFO] 鞋垫中心对齐: 偏移 164.055
[INFO] 处理 293_foot_L
[INFO] 足模连通域清理: 三角形 24517 -> 24513
[INFO] 鞋垫中心对齐: 偏移 137.723
[INFO] 处理 293_foot_R
[INFO] 足模连通域清理: 三角形 24530 -> 24434
[INFO] 鞋垫中心对齐: 偏移 138.330
[INFO] 处理 294_foot_L
[INFO] 鞋垫中心对齐: 偏移 173.404
[INFO] 处理 294_foot_R
[INFO] 鞋垫中心对齐: 偏移 176.571
[INFO] 处理 295_foot_L
[INFO] 足模连通域清理: 三角形 26236 -> 26108
[INFO] 鞋垫中心对齐: 偏移 169.229
[INFO] 处理 295_foot_R
[INFO] 足模连通域清理: 三角形 25706 -> 25602
[INFO] 鞋垫中心对齐: 偏移 171.469
[INFO] 处理 296_foot_L
[INFO] 足模连通域清理: 三角形 41402 -> 38306
[INFO] 鞋垫中心对齐: 偏移 92.525
[INFO] 处理 296_foot_R
[INFO] 足模连通域清理: 三角形 39182 -> 34138
[INFO] 鞋垫中心对齐: 偏移 133.657
[INFO] 处理 297_foot_L
[INFO] 鞋垫中心对齐: 偏移 171.326
[INFO] 处理 297_foot_R
[INFO] 鞋垫中心对齐: 偏移 172.718
[INFO] 处理 298_foot_L
[INFO] 足模连通域清理: 三角形 27251 -> 27091
[INFO] 鞋垫中心对齐: 偏移 159.866
[INFO] 处理 298_foot_R
[INFO] 足模连通域清理: 三角形 27421 -> 27411
[INFO] 鞋垫中心对齐: 偏移 157.409
[INFO] 处理 299_foot_L
[INFO] 鞋垫中心对齐: 偏移 157.642
[INFO] 处理 299_foot_R
[INFO] 鞋垫中心对齐: 偏移 158.052
[INFO] 处理 300_foot_L
[INFO] 鞋垫中心对齐: 偏移 161.764
[INFO] 处理 300_foot_R
[INFO] 鞋垫中心对齐: 偏移 160.999
[INFO] 处理 301_foot_L
[INFO] 鞋垫中心对齐: 偏移 145.050
[INFO] 处理 301_foot_R
[INFO] 鞋垫中心对齐: 偏移 143.537
[INFO] 处理 302_foot_L
[INFO] 鞋垫中心对齐: 偏移 158.174
[INFO] 处理 302_foot_R
[INFO] 鞋垫中心对齐: 偏移 161.634
[INFO] 处理 303_foot_L
[INFO] 鞋垫中心对齐: 偏移 147.658
[INFO] 处理 303_foot_R
[INFO] 鞋垫中心对齐: 偏移 144.002
[INFO] 处理 304_foot_L
[INFO] 鞋垫基础清理: 三角形 56928 -> 56926
[INFO] 鞋垫中心对齐: 偏移 154.682
[INFO] 处理 304_foot_R
[INFO] 鞋垫基础清理: 三角形 57100 -> 57098
[INFO] 鞋垫中心对齐: 偏移 154.294
[INFO] 处理 305_foot_L
[INFO] 鞋垫基础清理: 三角形 506498 -> 506496
[INFO] 鞋垫中心对齐: 偏移 151.994
[INFO] 处理 305_foot_R
[INFO] 处理 306_foot_L
[INFO] 鞋垫中心对齐: 偏移 164.984
[INFO] 处理 306_foot_R
[INFO] 足模连通域清理: 三角形 25986 -> 25984
[INFO] 鞋垫中心对齐: 偏移 164.190
[INFO] 处理 307_foot_L
[INFO] 鞋垫中心对齐: 偏移 131.992
[INFO] 处理 307_foot_R
[INFO] 足模连通域清理: 三角形 27799 -> 27795
[INFO] 鞋垫中心对齐: 偏移 133.871
[INFO] 处理 308_foot_L
[INFO] 鞋垫中心对齐: 偏移 97.216
[INFO] 处理 308_foot_R
[INFO] 鞋垫中心对齐: 偏移 96.231
[INFO] 处理 309_foot_L
[INFO] 鞋垫中心对齐: 偏移 139.839
[INFO] 处理 309_foot_R
[INFO] 鞋垫中心对齐: 偏移 138.262
[INFO] 处理 310_foot_L
[INFO] 足模连通域清理: 三角形 24124 -> 23934
[INFO] 鞋垫中心对齐: 偏移 156.845
[INFO] 处理 310_foot_R
[INFO] 足模连通域清理: 三角形 25541 -> 25317
[INFO] 鞋垫中心对齐: 偏移 168.520
[INFO] 处理 311_foot_L
[INFO] 足模连通域清理: 三角形 28645 -> 28477
[INFO] 鞋垫中心对齐: 偏移 132.468
[INFO] 处理 311_foot_R
[INFO] 鞋垫中心对齐: 偏移 133.259
[INFO] 处理 312_foot_L
[INFO] 鞋垫中心对齐: 偏移 171.947
[INFO] 处理 312_foot_R
[INFO] 鞋垫中心对齐: 偏移 177.517
[INFO] 处理 313_foot_L
[INFO] 鞋垫基础清理: 三角形 537202 -> 537200
[INFO] 鞋垫中心对齐: 偏移 140.603
[INFO] 处理 313_foot_R
[INFO] 鞋垫基础清理: 三角形 537046 -> 537044
[INFO] 鞋垫中心对齐: 偏移 142.584
[INFO] 处理 314_foot_L
[INFO] 鞋垫中心对齐: 偏移 161.915
[INFO] 处理 314_foot_R
[INFO] 鞋垫中心对齐: 偏移 162.754
[INFO] 处理 315_foot_L
[INFO] 足模连通域清理: 三角形 32840 -> 32738
[INFO] 鞋垫中心对齐: 偏移 114.467
[INFO] 处理 315_foot_R
[INFO] 鞋垫中心对齐: 偏移 117.598
[INFO] 处理 316_foot_L
[INFO] 鞋垫基础清理: 三角形 53480 -> 53478
[INFO] 鞋垫中心对齐: 偏移 131.467
[INFO] 处理 316_foot_R
[INFO] 鞋垫基础清理: 三角形 53288 -> 53286
[INFO] 鞋垫中心对齐: 偏移 132.469
[INFO] 处理 317_foot_L
[INFO] 足模连通域清理: 三角形 23589 -> 23587
[INFO] 鞋垫中心对齐: 偏移 168.235
[INFO] 处理 317_foot_R
[INFO] 鞋垫中心对齐: 偏移 171.067
[INFO] 处理 318_foot_L
[INFO] 鞋垫中心对齐: 偏移 175.233
[INFO] 处理 318_foot_R
[INFO] 鞋垫中心对齐: 偏移 172.790
[INFO] 处理 319_foot_L
[INFO] 鞋垫中心对齐: 偏移 147.359
[INFO] 处理 319_foot_R
[INFO] 足模连通域清理: 三角形 25020 -> 24476
[INFO] 鞋垫中心对齐: 偏移 150.166
[INFO] 处理 320_foot_L
[INFO] 足模连通域清理: 三角形 26482 -> 26340
[INFO] 鞋垫中心对齐: 偏移 150.044
[INFO] 处理 320_foot_R
[INFO] 鞋垫中心对齐: 偏移 147.222
[INFO] 处理 321_foot_L
[INFO] 足模连通域清理: 三角形 28571 -> 28559
[INFO] 鞋垫中心对齐: 偏移 132.938
[INFO] 处理 321_foot_R
[INFO] 鞋垫中心对齐: 偏移 133.919
[INFO] 处理 322_foot_L
[INFO] 鞋垫中心对齐: 偏移 139.517
[INFO] 处理 322_foot_R
[INFO] 鞋垫中心对齐: 偏移 138.549
[INFO] 处理 323_foot_L
[INFO] 鞋垫中心对齐: 偏移 164.343
[INFO] 处理 323_foot_R
[INFO] 鞋垫中心对齐: 偏移 163.232
[INFO] 处理 324_foot_L
[INFO] 鞋垫中心对齐: 偏移 153.861
[INFO] 处理 324_foot_R
[INFO] 鞋垫中心对齐: 偏移 157.351
[INFO] 处理 325_foot_L
[INFO] 足模连通域清理: 三角形 24211 -> 24209
[INFO] 鞋垫中心对齐: 偏移 145.645
[INFO] 处理 325_foot_R
[INFO] 鞋垫中心对齐: 偏移 146.560
[INFO] 处理 326_foot_L
[INFO] 足模连通域清理: 三角形 25635 -> 25631
[INFO] 鞋垫基础清理: 三角形 559850 -> 559846
[INFO] 鞋垫中心对齐: 偏移 144.541
[INFO] 处理 326_foot_R
[INFO] 足模连通域清理: 三角形 25235 -> 25231
[INFO] 鞋垫基础清理: 三角形 559802 -> 559798
[INFO] 鞋垫中心对齐: 偏移 143.424
[INFO] 处理 327_foot_L
[INFO] 鞋垫中心对齐: 偏移 151.215
[INFO] 处理 327_foot_R
[INFO] 鞋垫中心对齐: 偏移 172.572
[INFO] 处理 328_foot_L
[INFO] 鞋垫中心对齐: 偏移 120.572
[INFO] 处理 328_foot_R
[INFO] 鞋垫中心对齐: 偏移 122.672
[INFO] 处理 329_foot_L
[INFO] 鞋垫中心对齐: 偏移 152.260
[INFO] 处理 329_foot_R
[INFO] 足模连通域清理: 三角形 25821 -> 25811
[INFO] 鞋垫中心对齐: 偏移 151.643
[INFO] 处理 330_foot_L
[INFO] 鞋垫中心对齐: 偏移 118.742
[INFO] 处理 330_foot_R
[INFO] 鞋垫中心对齐: 偏移 118.099
[INFO] 处理 331_foot_L
[INFO] 鞋垫中心对齐: 偏移 122.456
[INFO] 处理 331_foot_R
[INFO] 鞋垫中心对齐: 偏移 124.273
[INFO] 处理 332_foot_L
[INFO] 鞋垫中心对齐: 偏移 105.461
[INFO] 处理 332_foot_R
[INFO] 足模连通域清理: 三角形 27687 -> 26920
[INFO] 鞋垫中心对齐: 偏移 105.027
[INFO] 处理 333_foot_L
[INFO] 鞋垫中心对齐: 偏移 145.545
[INFO] 处理 333_foot_R
[INFO] 鞋垫中心对齐: 偏移 137.109
[INFO] 处理 334_foot_L
[INFO] 足模连通域清理: 三角形 20480 -> 20478
[INFO] 鞋垫中心对齐: 偏移 162.790
[INFO] 处理 334_foot_R
[INFO] 鞋垫中心对齐: 偏移 167.555
[INFO] 处理 335_foot_L
[INFO] 鞋垫中心对齐: 偏移 137.073
[INFO] 处理 335_foot_R
[INFO] 鞋垫基础清理: 三角形 571634 -> 571552
[INFO] 鞋垫中心对齐: 偏移 136.202
[INFO] 处理 336_foot_L
[INFO] 鞋垫基础清理: 三角形 32058 -> 32038
[INFO] 鞋垫中心对齐: 偏移 172.205
[INFO] 处理 336_foot_R
[INFO] 鞋垫基础清理: 三角形 32136 -> 32116
[INFO] 鞋垫中心对齐: 偏移 173.894
[INFO] 处理 337_foot_L
[INFO] 足模连通域清理: 三角形 22954 -> 22452
[INFO] 鞋垫中心对齐: 偏移 140.769
[INFO] 处理 337_foot_R
[INFO] 鞋垫中心对齐: 偏移 148.318
[INFO] 处理 338_foot_L
[INFO] 鞋垫中心对齐: 偏移 130.837
[INFO] 处理 338_foot_R
[INFO] 鞋垫中心对齐: 偏移 130.389
[INFO] 处理 339_foot_L
[INFO] 鞋垫中心对齐: 偏移 156.742
[INFO] 处理 339_foot_R
[INFO] 鞋垫中心对齐: 偏移 158.947
[INFO] 处理 340_foot_L
[INFO] 鞋垫中心对齐: 偏移 150.757
[INFO] 处理 340_foot_R
[INFO] 鞋垫中心对齐: 偏移 143.863
[INFO] 处理 341_foot_L
[INFO] 鞋垫中心对齐: 偏移 150.425
[INFO] 处理 341_foot_R
[INFO] 足模连通域清理: 三角形 24983 -> 24981
[INFO] 鞋垫中心对齐: 偏移 149.084
[INFO] 处理 342_foot_L
[INFO] 鞋垫中心对齐: 偏移 164.312
[INFO] 处理 342_foot_R
[INFO] 鞋垫中心对齐: 偏移 166.684
[INFO] 处理 343_foot_L
[INFO] 鞋垫中心对齐: 偏移 131.341
[INFO] 处理 343_foot_R
[INFO] 鞋垫中心对齐: 偏移 137.525
[INFO] 处理 344_foot_L
[INFO] 足模连通域清理: 三角形 23562 -> 22832
[INFO] 鞋垫中心对齐: 偏移 157.269
[INFO] 处理 344_foot_R
[INFO] 鞋垫中心对齐: 偏移 158.613
[INFO] 处理 345_foot_L
[INFO] 鞋垫中心对齐: 偏移 155.973
[INFO] 处理 345_foot_R
[INFO] 鞋垫中心对齐: 偏移 155.611
[INFO] 额外处理未匹配足模的鞋垫: 2
[INFO] 全部处理完成。
